2023.05.17 14:07:38 INFO  Started: Metals version 0.11.12 in workspace '/Users/inonangel/Documents/GitHub/Video-Indexing' for client Visual Studio Code 1.77.1.
May 17, 2023 2:07:38 PM org.flywaydb.core.internal.license.VersionPrinter printVersionOnly
INFO: Flyway Community Edition 9.16.3 by Redgate
May 17, 2023 2:07:38 PM org.flywaydb.core.internal.license.VersionPrinter printVersion
INFO: See release notes here: https://rd.gt/416ObMi
May 17, 2023 2:07:38 PM org.flywaydb.core.internal.license.VersionPrinter printVersion
INFO: 
May 17, 2023 2:07:38 PM org.flywaydb.core.internal.database.base.BaseDatabaseType createDatabase
INFO: Database: jdbc:h2:file:/Users/inonangel/Documents/GitHub/Video-Indexing/.metals/metals (H2 2.1)
May 17, 2023 2:07:38 PM org.flywaydb.core.internal.schemahistory.JdbcTableSchemaHistory allAppliedMigrations
INFO: Schema history table "PUBLIC"."flyway_schema_history" does not exist yet
May 17, 2023 2:07:38 PM org.flywaydb.core.internal.command.DbValidate validate
INFO: Successfully validated 4 migrations (execution time 00:00.024s)
May 17, 2023 2:07:38 PM org.flywaydb.core.internal.schemahistory.JdbcTableSchemaHistory create
INFO: Creating Schema History table "PUBLIC"."flyway_schema_history" ...
May 17, 2023 2:07:38 PM org.flywaydb.core.internal.command.DbMigrate migrateGroup
INFO: Current version of schema "PUBLIC": << Empty Schema >>
May 17, 2023 2:07:38 PM org.flywaydb.core.internal.command.DbMigrate doMigrateGroup
INFO: Migrating schema "PUBLIC" to version "1 - Create tables"
May 17, 2023 2:07:38 PM org.flywaydb.core.internal.command.DbMigrate doMigrateGroup
INFO: Migrating schema "PUBLIC" to version "2 - Server discovery"
May 17, 2023 2:07:38 PM org.flywaydb.core.internal.command.DbMigrate doMigrateGroup
INFO: Migrating schema "PUBLIC" to version "3 - Jar symbols"
May 17, 2023 2:07:38 PM org.flywaydb.core.internal.command.DbMigrate doMigrateGroup
INFO: Migrating schema "PUBLIC" to version "4 - Fingerprints"
May 17, 2023 2:07:38 PM org.flywaydb.core.internal.command.DbMigrate logSummary
INFO: Successfully applied 4 migrations to schema "PUBLIC", now at version v4 (execution time 00:00.119s)
2023.05.17 14:07:38 INFO  time: initialize in 0.83s
2023.05.17 14:07:43 WARN  Build server is not auto-connectable.
2023.05.17 14:07:43 WARN  no build tool detected in workspace '/Users/inonangel/Documents/GitHub/Video-Indexing'. The most common cause for this problem is that the editor was opened in the wrong working directory, for example if you use sbt then the workspace directory should contain build.sbt. 
2023.05.17 14:07:43 WARN  no build target for: /Users/inonangel/Downloads/ex2/ZAnomalyDetector.scala
2023.05.17 14:07:52 INFO  no build target found for /Users/inonangel/Downloads/ex2/ZAnomalyDetector.scala. Using presentation compiler with project's scala-library version: 3.2.2
2023.05.17 14:07:54 INFO  time: code lens generation in 11s
